2018-08-13 11:59:32 - PHP Notice:  Undefined variable: text_aboutus in C:\OpenServer\domains\modenamoda\catalog\view\theme\tt_domino4\template\common\footer.tpl on line 6
2018-08-13 11:59:32 - PHP Notice:  Undefined variable: text_sub_aboutus in C:\OpenServer\domains\modenamoda\catalog\view\theme\tt_domino4\template\common\footer.tpl on line 7
2018-08-13 11:59:32 - PHP Notice:  Undefined variable: text_aboutus in C:\OpenServer\domains\modenamoda\catalog\view\theme\tt_domino4\template\common\header.tpl on line 70
2018-08-13 11:59:32 - PHP Notice:  Undefined variable: text_contactus in C:\OpenServer\domains\modenamoda\catalog\view\theme\tt_domino4\template\common\header.tpl on line 73
2018-08-13 11:59:32 - PHP Notice:  Undefined variable: text_buytheme in C:\OpenServer\domains\modenamoda\catalog\view\theme\tt_domino4\template\common\header.tpl on line 76
2018-08-13 11:59:32 - PHP Notice:  Undefined variable: hozmenu1 in C:\OpenServer\domains\modenamoda\catalog\view\theme\tt_domino4\template\common\header.tpl on line 122
2018-08-13 12:10:08 - PHP Notice:  Undefined index: reviews in C:\OpenServer\domains\modenamoda\catalog\view\theme\tt_domino4\template\extension\module\oclayerednavigation\occategory.tpl on line 97
2018-08-13 12:10:08 - PHP Notice:  Undefined index: reviews in C:\OpenServer\domains\modenamoda\catalog\view\theme\tt_domino4\template\extension\module\oclayerednavigation\occategory.tpl on line 97
2018-08-13 12:10:08 - PHP Notice:  Undefined index: reviews in C:\OpenServer\domains\modenamoda\catalog\view\theme\tt_domino4\template\extension\module\oclayerednavigation\occategory.tpl on line 97
2018-08-13 12:10:20 - PHP Notice:  Undefined index: reviews in C:\OpenServer\domains\modenamoda\catalog\view\theme\tt_domino4\template\extension\module\oclayerednavigation\occategoryfilter.tpl on line 57
2018-08-13 12:10:20 - PHP Notice:  Undefined index: reviews in C:\OpenServer\domains\modenamoda\catalog\view\theme\tt_domino4\template\extension\module\oclayerednavigation\occategoryfilter.tpl on line 57
2018-08-13 12:10:20 - PHP Notice:  Undefined index: reviews in C:\OpenServer\domains\modenamoda\catalog\view\theme\tt_domino4\template\extension\module\oclayerednavigation\occategoryfilter.tpl on line 57
2018-08-13 12:10:22 - PHP Notice:  Undefined index: reviews in C:\OpenServer\domains\modenamoda\catalog\view\theme\tt_domino4\template\extension\module\oclayerednavigation\occategoryfilter.tpl on line 57
2018-08-13 12:10:22 - PHP Notice:  Undefined index: reviews in C:\OpenServer\domains\modenamoda\catalog\view\theme\tt_domino4\template\extension\module\oclayerednavigation\occategoryfilter.tpl on line 57
2018-08-13 12:10:22 - PHP Notice:  Undefined index: reviews in C:\OpenServer\domains\modenamoda\catalog\view\theme\tt_domino4\template\extension\module\oclayerednavigation\occategoryfilter.tpl on line 57
2018-08-13 12:10:25 - PHP Notice:  Undefined index: reviews in C:\OpenServer\domains\modenamoda\catalog\view\theme\tt_domino4\template\extension\module\oclayerednavigation\occategoryfilter.tpl on line 57
2018-08-13 12:10:25 - PHP Notice:  Undefined index: reviews in C:\OpenServer\domains\modenamoda\catalog\view\theme\tt_domino4\template\extension\module\oclayerednavigation\occategoryfilter.tpl on line 57
2018-08-13 12:10:25 - PHP Notice:  Undefined index: reviews in C:\OpenServer\domains\modenamoda\catalog\view\theme\tt_domino4\template\extension\module\oclayerednavigation\occategoryfilter.tpl on line 57
2018-08-13 14:00:07 - PHP Warning:  in_array() expects parameter 2 to be array, string given in C:\OpenServer\domains\modenamoda\admin\view\template\setting\setting.tpl on line 1150
2018-08-13 14:00:07 - PHP Warning:  in_array() expects parameter 2 to be array, string given in C:\OpenServer\domains\modenamoda\admin\view\template\setting\setting.tpl on line 1150
2018-08-13 14:00:07 - PHP Warning:  in_array() expects parameter 2 to be array, string given in C:\OpenServer\domains\modenamoda\admin\view\template\setting\setting.tpl on line 1150
2018-08-13 14:00:07 - PHP Warning:  in_array() expects parameter 2 to be array, string given in C:\OpenServer\domains\modenamoda\admin\view\template\setting\setting.tpl on line 1150
2018-08-13 14:04:08 - PHP Notice:  Undefined index: reviews in C:\OpenServer\domains\modenamoda\catalog\view\theme\tt_domino1\template\extension\module\oclayerednavigation\occategory.tpl on line 97
2018-08-13 14:04:18 - PHP Notice:  Undefined index: reviews in C:\OpenServer\domains\modenamoda\catalog\view\theme\tt_domino1\template\extension\module\oclayerednavigation\occategory.tpl on line 97
2018-08-13 14:04:18 - PHP Notice:  Undefined index: reviews in C:\OpenServer\domains\modenamoda\catalog\view\theme\tt_domino1\template\extension\module\oclayerednavigation\occategory.tpl on line 97
2018-08-13 14:04:18 - PHP Notice:  Undefined index: reviews in C:\OpenServer\domains\modenamoda\catalog\view\theme\tt_domino1\template\extension\module\oclayerednavigation\occategory.tpl on line 97
2018-08-13 14:04:18 - PHP Notice:  Undefined index: reviews in C:\OpenServer\domains\modenamoda\catalog\view\theme\tt_domino1\template\extension\module\oclayerednavigation\occategory.tpl on line 97
2018-08-13 14:04:18 - PHP Notice:  Undefined index: reviews in C:\OpenServer\domains\modenamoda\catalog\view\theme\tt_domino1\template\extension\module\oclayerednavigation\occategory.tpl on line 97
2018-08-13 14:04:18 - PHP Notice:  Undefined index: reviews in C:\OpenServer\domains\modenamoda\catalog\view\theme\tt_domino1\template\extension\module\oclayerednavigation\occategory.tpl on line 97
2018-08-13 14:04:18 - PHP Notice:  Undefined index: reviews in C:\OpenServer\domains\modenamoda\catalog\view\theme\tt_domino1\template\extension\module\oclayerednavigation\occategory.tpl on line 97
2018-08-13 14:04:18 - PHP Notice:  Undefined index: reviews in C:\OpenServer\domains\modenamoda\catalog\view\theme\tt_domino1\template\extension\module\oclayerednavigation\occategory.tpl on line 97
2018-08-13 14:04:18 - PHP Notice:  Undefined index: reviews in C:\OpenServer\domains\modenamoda\catalog\view\theme\tt_domino1\template\extension\module\oclayerednavigation\occategory.tpl on line 97
2018-08-13 14:04:18 - PHP Notice:  Undefined index: reviews in C:\OpenServer\domains\modenamoda\catalog\view\theme\tt_domino1\template\extension\module\oclayerednavigation\occategory.tpl on line 97
2018-08-13 14:04:18 - PHP Notice:  Undefined index: reviews in C:\OpenServer\domains\modenamoda\catalog\view\theme\tt_domino1\template\extension\module\oclayerednavigation\occategory.tpl on line 97
2018-08-13 14:04:18 - PHP Notice:  Undefined index: reviews in C:\OpenServer\domains\modenamoda\catalog\view\theme\tt_domino1\template\extension\module\oclayerednavigation\occategory.tpl on line 97
2018-08-13 14:04:35 - PHP Notice:  Undefined index: reviews in C:\OpenServer\domains\modenamoda\catalog\view\theme\tt_domino1\template\extension\module\oclayerednavigation\occategory.tpl on line 97
2018-08-13 14:04:35 - PHP Notice:  Undefined index: reviews in C:\OpenServer\domains\modenamoda\catalog\view\theme\tt_domino1\template\extension\module\oclayerednavigation\occategory.tpl on line 97
2018-08-13 14:04:35 - PHP Notice:  Undefined index: reviews in C:\OpenServer\domains\modenamoda\catalog\view\theme\tt_domino1\template\extension\module\oclayerednavigation\occategory.tpl on line 97
2018-08-13 14:04:35 - PHP Notice:  Undefined index: reviews in C:\OpenServer\domains\modenamoda\catalog\view\theme\tt_domino1\template\extension\module\oclayerednavigation\occategory.tpl on line 97
2018-08-13 14:04:35 - PHP Notice:  Undefined index: reviews in C:\OpenServer\domains\modenamoda\catalog\view\theme\tt_domino1\template\extension\module\oclayerednavigation\occategory.tpl on line 97
2018-08-13 14:04:35 - PHP Notice:  Undefined index: reviews in C:\OpenServer\domains\modenamoda\catalog\view\theme\tt_domino1\template\extension\module\oclayerednavigation\occategory.tpl on line 97
2018-08-13 14:04:35 - PHP Notice:  Undefined index: reviews in C:\OpenServer\domains\modenamoda\catalog\view\theme\tt_domino1\template\extension\module\oclayerednavigation\occategory.tpl on line 97
2018-08-13 14:04:35 - PHP Notice:  Undefined index: reviews in C:\OpenServer\domains\modenamoda\catalog\view\theme\tt_domino1\template\extension\module\oclayerednavigation\occategory.tpl on line 97
2018-08-13 14:04:35 - PHP Notice:  Undefined index: reviews in C:\OpenServer\domains\modenamoda\catalog\view\theme\tt_domino1\template\extension\module\oclayerednavigation\occategory.tpl on line 97
2018-08-13 14:04:35 - PHP Notice:  Undefined index: reviews in C:\OpenServer\domains\modenamoda\catalog\view\theme\tt_domino1\template\extension\module\oclayerednavigation\occategory.tpl on line 97
2018-08-13 14:04:35 - PHP Notice:  Undefined index: reviews in C:\OpenServer\domains\modenamoda\catalog\view\theme\tt_domino1\template\extension\module\oclayerednavigation\occategory.tpl on line 97
2018-08-13 14:04:35 - PHP Notice:  Undefined index: reviews in C:\OpenServer\domains\modenamoda\catalog\view\theme\tt_domino1\template\extension\module\oclayerednavigation\occategory.tpl on line 97
2018-08-13 14:25:06 - PHP Notice:  Undefined index: ru-ru in C:\OpenServer\domains\modenamoda\catalog\controller\extension\module\occountdown.php on line 38
2018-08-13 14:25:06 - PHP Notice:  Undefined index: ru-ru in C:\OpenServer\domains\modenamoda\catalog\controller\extension\module\octabproductslider.php on line 19
2018-08-13 14:25:06 - PHP Notice:  Undefined index: ru-ru in C:\OpenServer\domains\modenamoda\catalog\controller\extension\module\ocblog.php on line 17
2018-08-13 14:25:17 - PHP Notice:  Undefined index: ru-ru in C:\OpenServer\domains\modenamoda\catalog\controller\extension\module\occountdown.php on line 38
2018-08-13 14:25:17 - PHP Notice:  Undefined index: ru-ru in C:\OpenServer\domains\modenamoda\catalog\controller\extension\module\octabproductslider.php on line 19
2018-08-13 14:25:17 - PHP Notice:  Undefined index: ru-ru in C:\OpenServer\domains\modenamoda\catalog\controller\extension\module\ocblog.php on line 17
2018-08-13 19:52:47 - PHP Notice:  Undefined index: ru-ru in C:\OpenServer\domains\modenamoda\catalog\controller\extension\module\occountdown.php on line 38
2018-08-13 19:52:47 - PHP Notice:  Undefined index: ru-ru in C:\OpenServer\domains\modenamoda\catalog\controller\extension\module\octabproductslider.php on line 19
2018-08-13 19:52:47 - PHP Notice:  Undefined index: ru-ru in C:\OpenServer\domains\modenamoda\catalog\controller\extension\module\ocblog.php on line 17
2018-08-13 20:52:10 - PHP Notice:  Undefined index: reviews in C:\OpenServer\domains\modenamoda\catalog\view\theme\tt_domino1\template\extension\module\oclayerednavigation\occategory.tpl on line 97
2018-08-13 20:52:10 - PHP Notice:  Undefined index: reviews in C:\OpenServer\domains\modenamoda\catalog\view\theme\tt_domino1\template\extension\module\oclayerednavigation\occategory.tpl on line 97
2018-08-13 20:52:10 - PHP Notice:  Undefined index: reviews in C:\OpenServer\domains\modenamoda\catalog\view\theme\tt_domino1\template\extension\module\oclayerednavigation\occategory.tpl on line 97
2018-08-13 20:52:10 - PHP Notice:  Undefined index: reviews in C:\OpenServer\domains\modenamoda\catalog\view\theme\tt_domino1\template\extension\module\oclayerednavigation\occategory.tpl on line 97
2018-08-13 20:52:10 - PHP Notice:  Undefined index: reviews in C:\OpenServer\domains\modenamoda\catalog\view\theme\tt_domino1\template\extension\module\oclayerednavigation\occategory.tpl on line 97
2018-08-13 20:52:10 - PHP Notice:  Undefined index: reviews in C:\OpenServer\domains\modenamoda\catalog\view\theme\tt_domino1\template\extension\module\oclayerednavigation\occategory.tpl on line 97
2018-08-13 20:52:10 - PHP Notice:  Undefined index: reviews in C:\OpenServer\domains\modenamoda\catalog\view\theme\tt_domino1\template\extension\module\oclayerednavigation\occategory.tpl on line 97
2018-08-13 20:52:10 - PHP Notice:  Undefined index: reviews in C:\OpenServer\domains\modenamoda\catalog\view\theme\tt_domino1\template\extension\module\oclayerednavigation\occategory.tpl on line 97
2018-08-13 20:52:10 - PHP Notice:  Undefined index: reviews in C:\OpenServer\domains\modenamoda\catalog\view\theme\tt_domino1\template\extension\module\oclayerednavigation\occategory.tpl on line 97
2018-08-13 20:52:10 - PHP Notice:  Undefined index: reviews in C:\OpenServer\domains\modenamoda\catalog\view\theme\tt_domino1\template\extension\module\oclayerednavigation\occategory.tpl on line 97
2018-08-13 20:52:10 - PHP Notice:  Undefined index: reviews in C:\OpenServer\domains\modenamoda\catalog\view\theme\tt_domino1\template\extension\module\oclayerednavigation\occategory.tpl on line 97
2018-08-13 20:52:10 - PHP Notice:  Undefined index: reviews in C:\OpenServer\domains\modenamoda\catalog\view\theme\tt_domino1\template\extension\module\oclayerednavigation\occategory.tpl on line 97
2018-08-13 22:16:55 - PHP Notice:  Undefined index: reviews in C:\OpenServer\domains\modenamoda\catalog\view\theme\tt_domino1\template\extension\module\oclayerednavigation\occategory.tpl on line 97
2018-08-13 22:16:55 - PHP Notice:  Undefined index: reviews in C:\OpenServer\domains\modenamoda\catalog\view\theme\tt_domino1\template\extension\module\oclayerednavigation\occategory.tpl on line 97
2018-08-13 22:16:55 - PHP Notice:  Undefined index: reviews in C:\OpenServer\domains\modenamoda\catalog\view\theme\tt_domino1\template\extension\module\oclayerednavigation\occategory.tpl on line 97
2018-08-13 22:16:55 - PHP Notice:  Undefined index: reviews in C:\OpenServer\domains\modenamoda\catalog\view\theme\tt_domino1\template\extension\module\oclayerednavigation\occategory.tpl on line 97
2018-08-13 22:16:55 - PHP Notice:  Undefined index: reviews in C:\OpenServer\domains\modenamoda\catalog\view\theme\tt_domino1\template\extension\module\oclayerednavigation\occategory.tpl on line 97
2018-08-13 22:16:55 - PHP Notice:  Undefined index: reviews in C:\OpenServer\domains\modenamoda\catalog\view\theme\tt_domino1\template\extension\module\oclayerednavigation\occategory.tpl on line 97
2018-08-13 22:16:55 - PHP Notice:  Undefined index: reviews in C:\OpenServer\domains\modenamoda\catalog\view\theme\tt_domino1\template\extension\module\oclayerednavigation\occategory.tpl on line 97
2018-08-13 22:16:55 - PHP Notice:  Undefined index: reviews in C:\OpenServer\domains\modenamoda\catalog\view\theme\tt_domino1\template\extension\module\oclayerednavigation\occategory.tpl on line 97
2018-08-13 22:16:55 - PHP Notice:  Undefined index: reviews in C:\OpenServer\domains\modenamoda\catalog\view\theme\tt_domino1\template\extension\module\oclayerednavigation\occategory.tpl on line 97
2018-08-13 22:16:55 - PHP Notice:  Undefined index: reviews in C:\OpenServer\domains\modenamoda\catalog\view\theme\tt_domino1\template\extension\module\oclayerednavigation\occategory.tpl on line 97
2018-08-13 22:16:55 - PHP Notice:  Undefined index: reviews in C:\OpenServer\domains\modenamoda\catalog\view\theme\tt_domino1\template\extension\module\oclayerednavigation\occategory.tpl on line 97
2018-08-13 22:16:55 - PHP Notice:  Undefined index: reviews in C:\OpenServer\domains\modenamoda\catalog\view\theme\tt_domino1\template\extension\module\oclayerednavigation\occategory.tpl on line 97
2018-08-13 22:16:58 - PHP Notice:  Undefined variable: quantity in C:\OpenServer\domains\modenamoda\catalog\view\theme\tt_domino1\template\product\product.tpl on line 88
